2023-10-09 15:30:18 - MetisClass_logger - DEBUG - adb_screenshot method : process tmp0
2023-10-09 15:30:18 - MetisClass_logger - INFO - image_recognition method : template_name=menu_niki_list_icon  prob=0.9988 accuracy_val=0.9000 True
2023-10-09 15:30:19 - MetisClass_logger - INFO - tap method : (x,y) = (297, 2091) offset = (0, 0)
2023-10-09 15:30:19 - MetisClass_logger - INFO - default_tap method : template_name=menu_niki_list_icon  prob=0.9988 True
2023-10-09 15:30:22 - MetisClass_logger - DEBUG - adb_screenshot method : process tmp0
2023-10-09 15:30:22 - MetisClass_logger - INFO - image_recognition method : template_name=niki_list_target1_avatar  prob=0.9975 accuracy_val=0.9000 True
2023-10-09 15:30:23 - MetisClass_logger - INFO - tap method : (x,y) = (289, 822) offset = (0, 0)
2023-10-09 15:30:23 - MetisClass_logger - INFO - default_tap method : template_name=niki_list_target1_avatar  prob=0.9975 True
2023-10-09 15:30:26 - MetisClass_logger - DEBUG - adb_screenshot method : process tmp0
2023-10-09 15:30:26 - MetisClass_logger - INFO - image_recognition method : template_name=niki_detail_gear_icon  prob=0.9983 accuracy_val=0.9000 True
2023-10-09 15:30:27 - MetisClass_logger - INFO - tap method : (x,y) = (1263, 1866) offset = (0, 0)
2023-10-09 15:30:27 - MetisClass_logger - INFO - default_tap method : template_name=niki_detail_gear_icon  prob=0.9983 True
2023-10-09 15:30:29 - MetisClass_logger - DEBUG - adb_screenshot method : process tmp0
2023-10-09 15:30:29 - MetisClass_logger - INFO - image_recognition method : template_name=niki_detail_gear_upgrade_icon  prob=1.0000 accuracy_val=0.9000 True
2023-10-09 15:30:30 - MetisClass_logger - INFO - tap method : (x,y) = (647, 1986) offset = (0, 0)
2023-10-09 15:30:30 - MetisClass_logger - INFO - default_tap method : template_name=niki_detail_gear_upgrade_icon  prob=1.0000 True
2023-10-09 15:30:32 - MetisClass_logger - DEBUG - adb_screenshot method : process tmp0
2023-10-09 15:30:32 - MetisClass_logger - INFO - image_recognition method : template_name=niki_detail_gear_upgrade_common_element_icon  prob=1.0000 accuracy_val=0.9000 True
2023-10-09 15:30:33 - MetisClass_logger - INFO - tap method : (x,y) = (331, 1124) offset = (0, 0)
2023-10-09 15:30:33 - MetisClass_logger - INFO - default_tap method : template_name=niki_detail_gear_upgrade_common_element_icon  prob=1.0000 True
2023-10-09 15:30:35 - MetisClass_logger - DEBUG - adb_screenshot method : process tmp0
2023-10-09 15:30:35 - MetisClass_logger - INFO - image_recognition method : template_name=niki_detail_gear_upgrade_confurm_icon  prob=1.0000 accuracy_val=0.9000 True
2023-10-09 15:30:36 - MetisClass_logger - INFO - tap method : (x,y) = (892, 1908) offset = (0, 0)
2023-10-09 15:30:36 - MetisClass_logger - INFO - default_tap method : template_name=niki_detail_gear_upgrade_confurm_icon  prob=1.0000 True
2023-10-09 15:30:38 - MetisClass_logger - DEBUG - adb_screenshot method : process tmp0
2023-10-09 15:30:38 - MetisClass_logger - INFO - image_recognition method : template_name=close_blue_icon  prob=0.9555 accuracy_val=0.9000 True
2023-10-09 15:30:39 - MetisClass_logger - INFO - tap method : (x,y) = (1249, 310) offset = (0, 0)
2023-10-09 15:30:39 - MetisClass_logger - INFO - default_tap method : template_name=close_blue_icon  prob=0.9555 True
2023-10-09 15:30:42 - MetisClass_logger - DEBUG - adb_screenshot method : process tmp0
2023-10-09 15:30:42 - MetisClass_logger - INFO - image_recognition method : template_name=home_icon  prob=0.9978 accuracy_val=0.9000 True
2023-10-09 15:30:43 - MetisClass_logger - INFO - tap method : (x,y) = (349, 2136) offset = (0, 0)
2023-10-09 15:30:43 - MetisClass_logger - INFO - default_tap method : template_name=home_icon  prob=0.9978 True
