2023-10-09 15:10:57 - MetisClass_logger - DEBUG - adb_screenshot method : process tmp0
2023-10-09 15:10:57 - MetisClass_logger - INFO - image_recognition method : template_name=menu_front_line_base  prob=0.2403 accuracy_val=0.9000 False
2023-10-09 15:10:59 - MetisClass_logger - DEBUG - adb_screenshot method : process tmp0
2023-10-09 15:10:59 - MetisClass_logger - INFO - image_recognition method : template_name=menu_front_line_base  prob=0.2410 accuracy_val=0.9000 False
2023-10-09 15:11:02 - MetisClass_logger - DEBUG - adb_screenshot method : process tmp0
2023-10-09 15:11:02 - MetisClass_logger - INFO - image_recognition method : template_name=menu_front_line_base  prob=0.9025 accuracy_val=0.9000 True
2023-10-09 15:11:03 - MetisClass_logger - INFO - tap method : (x,y) = (147, 1773) offset = (0, 0)
2023-10-09 15:11:03 - MetisClass_logger - INFO - default_tap method : template_name=menu_front_line_base  prob=0.9025 True
2023-10-09 15:11:03 - MetisClass_logger - INFO - execute_time_sleep : wait_time= 15.00
2023-10-09 15:11:21 - MetisClass_logger - DEBUG - adb_screenshot method : process tmp0
2023-10-09 15:11:22 - MetisClass_logger - INFO - image_recognition method : template_name=flb_dispatch_icon  prob=0.9948 accuracy_val=0.9000 True
2023-10-09 15:11:22 - MetisClass_logger - INFO - tap method : (x,y) = (831, 2133) offset = (0, 0)
2023-10-09 15:11:22 - MetisClass_logger - INFO - default_tap method : template_name=flb_dispatch_icon  prob=0.9948 True
2023-10-09 15:11:24 - MetisClass_logger - DEBUG - adb_screenshot method : process tmp0
2023-10-09 15:11:25 - MetisClass_logger - INFO - image_recognition method : template_name=flb_dispatch_get_all  prob=1.0000 accuracy_val=0.9000 True
2023-10-09 15:11:26 - MetisClass_logger - INFO - tap method : (x,y) = (1092, 1904) offset = (0, 0)
2023-10-09 15:11:26 - MetisClass_logger - INFO - default_tap method : template_name=flb_dispatch_get_all  prob=1.0000 True
2023-10-09 15:11:27 - MetisClass_logger - DEBUG - adb_screenshot method : process tmp0
2023-10-09 15:11:28 - MetisClass_logger - INFO - image_recognition method : template_name=reward_text  prob=0.9967 accuracy_val=0.9000 True
2023-10-09 15:11:29 - MetisClass_logger - INFO - tap method : (x,y) = (742, 905) offset = (0, 0)
2023-10-09 15:11:29 - MetisClass_logger - INFO - default_tap method : template_name=reward_text  prob=0.9967 True
2023-10-09 15:11:31 - MetisClass_logger - DEBUG - adb_screenshot method : process tmp0
2023-10-09 15:11:31 - MetisClass_logger - INFO - image_recognition method : template_name=flb_dispatch_send_all  prob=1.0000 accuracy_val=0.9000 True
2023-10-09 15:11:32 - MetisClass_logger - INFO - tap method : (x,y) = (733, 1905) offset = (0, 0)
2023-10-09 15:11:32 - MetisClass_logger - INFO - default_tap method : template_name=flb_dispatch_send_all  prob=1.0000 True
2023-10-09 15:11:34 - MetisClass_logger - DEBUG - adb_screenshot method : process tmp0
2023-10-09 15:11:34 - MetisClass_logger - INFO - image_recognition method : template_name=flb_dispatch_send_all_confirm  prob=1.0000 accuracy_val=0.9000 True
2023-10-09 15:11:35 - MetisClass_logger - INFO - tap method : (x,y) = (891, 1910) offset = (0, 0)
2023-10-09 15:11:35 - MetisClass_logger - INFO - default_tap method : template_name=flb_dispatch_send_all_confirm  prob=1.0000 True
2023-10-09 15:11:37 - MetisClass_logger - DEBUG - adb_screenshot method : process tmp0
2023-10-09 15:11:37 - MetisClass_logger - INFO - image_recognition method : template_name=close_white_icon  prob=1.0000 accuracy_val=0.9000 True
2023-10-09 15:11:38 - MetisClass_logger - INFO - tap method : (x,y) = (1269, 305) offset = (0, 0)
2023-10-09 15:11:38 - MetisClass_logger - INFO - default_tap method : template_name=close_white_icon  prob=1.0000 True
2023-10-09 15:11:41 - MetisClass_logger - DEBUG - adb_screenshot method : process tmp0
2023-10-09 15:11:41 - MetisClass_logger - INFO - image_recognition method : template_name=home_icon  prob=0.9967 accuracy_val=0.9000 True
2023-10-09 15:11:42 - MetisClass_logger - INFO - tap method : (x,y) = (349, 2136) offset = (0, 0)
2023-10-09 15:11:42 - MetisClass_logger - INFO - default_tap method : template_name=home_icon  prob=0.9967 True
