2023-10-04 08:12:36 - MetisClass_logger - DEBUG - adb_screenshot method : process tmp0
2023-10-04 08:12:36 - MetisClass_logger - INFO - image_recognition method : template_name=menu_check_flag  prob=0.3378 accuracy_val=0.9000 False
2023-10-04 08:12:36 - MetisClass_logger - INFO - default_tap method : template_name=menu_check_flag  prob=0.3378 False
2023-10-04 08:12:38 - MetisClass_logger - DEBUG - adb_screenshot method : process tmp0
2023-10-04 08:12:38 - MetisClass_logger - INFO - image_recognition method : template_name=reward  prob=0.3542 accuracy_val=0.9000 False
2023-10-04 08:12:38 - MetisClass_logger - INFO - default_tap method : template_name=reward  prob=0.3542 False
2023-10-04 08:12:41 - MetisClass_logger - DEBUG - adb_screenshot method : process tmp0
2023-10-04 08:12:41 - MetisClass_logger - INFO - image_recognition method : template_name=reward  prob=0.3542 accuracy_val=0.9000 False
2023-10-04 08:12:41 - MetisClass_logger - INFO - default_tap method : template_name=reward  prob=0.3542 False
2023-10-04 08:12:43 - MetisClass_logger - DEBUG - adb_screenshot method : process tmp0
2023-10-04 08:12:43 - MetisClass_logger - INFO - image_recognition method : template_name=close_white_icon  prob=0.4252 accuracy_val=0.9000 False
2023-10-04 08:12:43 - MetisClass_logger - INFO - default_tap method : template_name=close_white_icon  prob=0.4252 False
2023-10-04 08:12:46 - MetisClass_logger - DEBUG - adb_screenshot method : process tmp0
2023-10-04 08:12:46 - MetisClass_logger - INFO - image_recognition method : template_name=menu_check_flag  prob=0.3378 accuracy_val=0.9000 False
2023-10-04 08:12:46 - MetisClass_logger - INFO - default_tap method : template_name=menu_check_flag  prob=0.3378 False
2023-10-04 08:12:48 - MetisClass_logger - DEBUG - adb_screenshot method : process tmp0
2023-10-04 08:12:49 - MetisClass_logger - INFO - image_recognition method : template_name=reward  prob=0.3542 accuracy_val=0.9000 False
2023-10-04 08:12:49 - MetisClass_logger - INFO - default_tap method : template_name=reward  prob=0.3542 False
2023-10-04 08:12:51 - MetisClass_logger - DEBUG - adb_screenshot method : process tmp0
2023-10-04 08:12:51 - MetisClass_logger - INFO - image_recognition method : template_name=reward  prob=0.3542 accuracy_val=0.9000 False
2023-10-04 08:12:51 - MetisClass_logger - INFO - default_tap method : template_name=reward  prob=0.3542 False
2023-10-04 08:12:53 - MetisClass_logger - DEBUG - adb_screenshot method : process tmp0
2023-10-04 08:12:54 - MetisClass_logger - INFO - image_recognition method : template_name=close_white_icon  prob=0.4252 accuracy_val=0.9000 False
2023-10-04 08:12:54 - MetisClass_logger - INFO - default_tap method : template_name=close_white_icon  prob=0.4252 False
2023-10-04 08:12:56 - MetisClass_logger - DEBUG - adb_screenshot method : process tmp0
2023-10-04 08:12:56 - MetisClass_logger - INFO - image_recognition method : template_name=menu_check_flag  prob=0.3378 accuracy_val=0.9000 False
2023-10-04 08:12:56 - MetisClass_logger - INFO - default_tap method : template_name=menu_check_flag  prob=0.3378 False
