2023-10-09 14:06:58 - MetisClass_logger - DEBUG - adb_screenshot method : process tmp0
2023-10-09 14:06:59 - MetisClass_logger - INFO - image_recognition method : template_name=menu_paid_store  prob=0.9862 accuracy_val=0.9000 True
2023-10-09 14:07:00 - MetisClass_logger - INFO - tap method : (x,y) = (235, 1409) offset = (0, 0)
2023-10-09 14:07:00 - MetisClass_logger - INFO - default_tap method : template_name=menu_paid_store  prob=0.9862 True
2023-10-09 14:07:02 - MetisClass_logger - DEBUG - adb_screenshot method : process tmp0
2023-10-09 14:07:02 - MetisClass_logger - INFO - image_recognition method : template_name=paid_store_gift_tab  prob=0.5707 accuracy_val=0.9000 False
2023-10-09 14:07:05 - MetisClass_logger - DEBUG - adb_screenshot method : process tmp0
2023-10-09 14:07:05 - MetisClass_logger - INFO - image_recognition method : template_name=paid_store_gift_tab  prob=0.9992 accuracy_val=0.9000 True
2023-10-09 14:07:06 - MetisClass_logger - INFO - tap method : (x,y) = (264, 502) offset = (0, 0)
2023-10-09 14:07:06 - MetisClass_logger - INFO - default_tap method : template_name=paid_store_gift_tab  prob=0.9992 True
2023-10-09 14:07:09 - MetisClass_logger - DEBUG - adb_screenshot method : process tmp0
2023-10-09 14:07:09 - MetisClass_logger - INFO - image_recognition method : template_name=paid_store_gift_tab_everyday_subtab  prob=0.9958 accuracy_val=0.9000 True
2023-10-09 14:07:10 - MetisClass_logger - INFO - tap method : (x,y) = (565, 645) offset = (0, 0)
2023-10-09 14:07:10 - MetisClass_logger - INFO - default_tap method : template_name=paid_store_gift_tab_everyday_subtab  prob=0.9958 True
2023-10-09 14:07:13 - MetisClass_logger - DEBUG - adb_screenshot method : process tmp0
2023-10-09 14:07:13 - MetisClass_logger - INFO - image_recognition method : template_name=text_free  prob=0.9994 accuracy_val=0.9000 True
2023-10-09 14:07:14 - MetisClass_logger - INFO - tap method : (x,y) = (349, 1432) offset = (0, 0)
2023-10-09 14:07:14 - MetisClass_logger - INFO - default_tap method : template_name=text_free  prob=0.9994 True
2023-10-09 14:07:16 - MetisClass_logger - DEBUG - adb_screenshot method : process tmp0
2023-10-09 14:07:16 - MetisClass_logger - INFO - image_recognition method : template_name=reward  prob=0.9972 accuracy_val=0.9000 True
2023-10-09 14:07:17 - MetisClass_logger - INFO - tap method : (x,y) = (742, 905) offset = (0, 0)
2023-10-09 14:07:17 - MetisClass_logger - INFO - default_tap method : template_name=reward  prob=0.9972 True
2023-10-09 14:07:20 - MetisClass_logger - DEBUG - adb_screenshot method : process tmp0
2023-10-09 14:07:20 - MetisClass_logger - INFO - image_recognition method : template_name=home_icon  prob=0.9984 accuracy_val=0.9000 True
2023-10-09 14:07:21 - MetisClass_logger - INFO - tap method : (x,y) = (349, 2136) offset = (0, 0)
2023-10-09 14:07:21 - MetisClass_logger - INFO - default_tap method : template_name=home_icon  prob=0.9984 True
