2023-10-09 14:53:36 - MetisClass_logger - DEBUG - adb_screenshot method : process tmp0
2023-10-09 14:53:36 - MetisClass_logger - INFO - image_recognition method : template_name=menu_non_paid_store  prob=0.9926 accuracy_val=0.9000 True
2023-10-09 14:53:37 - MetisClass_logger - INFO - tap method : (x,y) = (151, 1550) offset = (0, 0)
2023-10-09 14:53:37 - MetisClass_logger - INFO - default_tap method : template_name=menu_non_paid_store  prob=0.9926 True
2023-10-09 14:53:40 - MetisClass_logger - DEBUG - adb_screenshot method : process tmp0
2023-10-09 14:53:40 - MetisClass_logger - INFO - image_recognition method : template_name=nps_arena_tab  prob=0.9988 accuracy_val=0.9000 True
2023-10-09 14:53:41 - MetisClass_logger - INFO - tap method : (x,y) = (87, 1423) offset = (0, 0)
2023-10-09 14:53:41 - MetisClass_logger - INFO - default_tap method : template_name=nps_arena_tab  prob=0.9988 True
2023-10-09 14:53:44 - MetisClass_logger - DEBUG - adb_screenshot method : process tmp0
2023-10-09 14:53:44 - MetisClass_logger - INFO - image_recognition method : template_name=nps_arena_store_wind  prob=0.9994 accuracy_val=0.9000 True
2023-10-09 14:53:45 - MetisClass_logger - INFO - tap method : (x,y) = (1165, 1300) offset = (0, 0)
2023-10-09 14:53:45 - MetisClass_logger - INFO - default_tap method : template_name=nps_arena_store_wind  prob=0.9994 True
2023-10-09 14:53:47 - MetisClass_logger - DEBUG - adb_screenshot method : process tmp0
2023-10-09 14:53:48 - MetisClass_logger - INFO - image_recognition method : template_name=nps_com_store_buy  prob=0.9730 accuracy_val=0.9000 True
2023-10-09 14:53:49 - MetisClass_logger - INFO - tap method : (x,y) = (913, 1865) offset = (0, 0)
2023-10-09 14:53:49 - MetisClass_logger - INFO - default_tap method : template_name=nps_com_store_buy  prob=0.9730 True
2023-10-09 14:53:51 - MetisClass_logger - DEBUG - adb_screenshot method : process tmp0
2023-10-09 14:53:51 - MetisClass_logger - INFO - image_recognition method : template_name=reward_text  prob=0.9967 accuracy_val=0.9000 True
2023-10-09 14:53:52 - MetisClass_logger - INFO - tap method : (x,y) = (742, 905) offset = (0, 0)
2023-10-09 14:53:52 - MetisClass_logger - INFO - default_tap method : template_name=reward_text  prob=0.9967 True
2023-10-09 14:53:55 - MetisClass_logger - DEBUG - adb_screenshot method : process tmp0
