2023-10-09 14:18:41 - MetisClass_logger - DEBUG - adb_screenshot method : process tmp0
2023-10-09 14:18:41 - MetisClass_logger - INFO - image_recognition method : template_name=menu_non_paid_store  prob=0.9925 accuracy_val=0.9000 True
2023-10-09 14:18:42 - MetisClass_logger - INFO - tap method : (x,y) = (151, 1550) offset = (0, 0)
2023-10-09 14:18:42 - MetisClass_logger - INFO - default_tap method : template_name=menu_non_paid_store  prob=0.9925 True
2023-10-09 14:18:45 - MetisClass_logger - DEBUG - adb_screenshot method : process tmp0
2023-10-09 14:18:45 - MetisClass_logger - INFO - image_recognition method : template_name=nps_com_store_free  prob=0.9974 accuracy_val=0.9000 True
2023-10-09 14:18:46 - MetisClass_logger - INFO - tap method : (x,y) = (495, 1489) offset = (0, 0)
2023-10-09 14:18:46 - MetisClass_logger - INFO - default_tap method : template_name=nps_com_store_free  prob=0.9974 True
2023-10-09 14:18:48 - MetisClass_logger - DEBUG - adb_screenshot method : process tmp0
2023-10-09 14:18:48 - MetisClass_logger - INFO - image_recognition method : template_name=nps_com_store_buy  prob=0.9982 accuracy_val=0.9000 True
2023-10-09 14:18:49 - MetisClass_logger - INFO - tap method : (x,y) = (913, 1916) offset = (0, 0)
2023-10-09 14:18:49 - MetisClass_logger - INFO - default_tap method : template_name=nps_com_store_buy  prob=0.9982 True
2023-10-09 14:18:51 - MetisClass_logger - DEBUG - adb_screenshot method : process tmp0
2023-10-09 14:18:52 - MetisClass_logger - INFO - image_recognition method : template_name=reward_text  prob=0.9969 accuracy_val=0.9000 True
2023-10-09 14:18:52 - MetisClass_logger - INFO - tap method : (x,y) = (742, 905) offset = (0, 0)
2023-10-09 14:18:52 - MetisClass_logger - INFO - default_tap method : template_name=reward_text  prob=0.9969 True
2023-10-09 14:18:55 - MetisClass_logger - DEBUG - adb_screenshot method : process tmp0
2023-10-09 14:18:55 - MetisClass_logger - INFO - image_recognition method : template_name=nps_refresh_icon  prob=0.9995 accuracy_val=0.9000 True
2023-10-09 14:18:56 - MetisClass_logger - INFO - tap method : (x,y) = (731, 1028) offset = (0, 0)
2023-10-09 14:18:56 - MetisClass_logger - INFO - default_tap method : template_name=nps_refresh_icon  prob=0.9995 True
2023-10-09 14:18:58 - MetisClass_logger - DEBUG - adb_screenshot method : process tmp0
