2023-10-09 13:12:13 - MetisClass_logger - INFO - execute_time_sleep : wait_time= 20.00
2023-10-09 13:12:36 - MetisClass_logger - DEBUG - adb_screenshot method : process tmp0
2023-10-09 13:12:36 - MetisClass_logger - INFO - image_recognition method : template_name=confirm_tick_btn  prob=0.4275 accuracy_val=0.9000 False
2023-10-09 13:12:36 - MetisClass_logger - INFO - default_tap method : template_name=confirm_tick_btn  prob=0.4275 False
2023-10-09 13:12:36 - MetisClass_logger - INFO - execute_time_sleep : wait_time= 30.00
2023-10-09 13:13:09 - MetisClass_logger - DEBUG - adb_screenshot method : process tmp0
2023-10-09 13:13:09 - MetisClass_logger - INFO - image_recognition method : template_name=ready_for_login  prob=0.1738 accuracy_val=0.9000 False
2023-10-09 13:13:09 - MetisClass_logger - INFO - default_tap method : template_name=ready_for_login  prob=0.1738 False
2023-10-09 13:13:09 - MetisClass_logger - INFO - execute_time_sleep : wait_time= 5.00
2023-10-09 13:13:16 - MetisClass_logger - DEBUG - adb_screenshot method : process tmp0
2023-10-09 13:13:16 - MetisClass_logger - INFO - image_recognition method : template_name=ready_for_login  prob=0.9954 accuracy_val=0.9000 True
2023-10-09 13:13:17 - MetisClass_logger - INFO - tap method : (x,y) = (742, 1874) offset = (0, 0)
2023-10-09 13:13:17 - MetisClass_logger - INFO - default_tap method : template_name=ready_for_login  prob=0.9954 True
2023-10-09 13:13:17 - MetisClass_logger - INFO - execute_time_sleep : wait_time= 15.00
2023-10-09 13:13:35 - MetisClass_logger - DEBUG - adb_screenshot method : process tmp0
2023-10-09 13:13:35 - MetisClass_logger - INFO - image_recognition method : template_name=menu_check_flag  prob=0.6277 accuracy_val=0.9000 False
2023-10-09 13:13:35 - MetisClass_logger - INFO - default_tap method : template_name=menu_check_flag  prob=0.6277 False
2023-10-09 13:13:37 - MetisClass_logger - DEBUG - adb_screenshot method : process tmp0
2023-10-09 13:13:37 - MetisClass_logger - INFO - image_recognition method : template_name=reward  prob=0.9958 accuracy_val=0.9000 True
2023-10-09 13:13:38 - MetisClass_logger - INFO - tap method : (x,y) = (742, 759) offset = (0, 0)
2023-10-09 13:13:38 - MetisClass_logger - INFO - default_tap method : template_name=reward  prob=0.9958 True
2023-10-09 13:13:40 - MetisClass_logger - DEBUG - adb_screenshot method : process tmp0
2023-10-09 13:13:40 - MetisClass_logger - INFO - image_recognition method : template_name=reward  prob=0.9956 accuracy_val=0.9000 True
2023-10-09 13:13:41 - MetisClass_logger - INFO - tap method : (x,y) = (742, 759) offset = (0, 0)
2023-10-09 13:13:41 - MetisClass_logger - INFO - default_tap method : template_name=reward  prob=0.9956 True
2023-10-09 13:13:44 - MetisClass_logger - DEBUG - adb_screenshot method : process tmp0
2023-10-09 13:13:44 - MetisClass_logger - INFO - image_recognition method : template_name=close_blue_icon  prob=1.0000 accuracy_val=0.9000 True
2023-10-09 13:13:45 - MetisClass_logger - INFO - tap method : (x,y) = (1261, 229) offset = (0, 0)
2023-10-09 13:13:45 - MetisClass_logger - INFO - default_tap method : template_name=close_blue_icon  prob=1.0000 True
2023-10-09 13:13:48 - MetisClass_logger - DEBUG - adb_screenshot method : process tmp0
2023-10-09 13:13:48 - MetisClass_logger - INFO - image_recognition method : template_name=menu_check_flag  prob=0.9941 accuracy_val=0.9000 True
2023-10-09 13:13:49 - MetisClass_logger - INFO - tap method : (x,y) = (1211, 1531) offset = (0, 0)
2023-10-09 13:13:49 - MetisClass_logger - INFO - default_tap method : template_name=menu_check_flag  prob=0.9941 True
2023-10-09 13:13:49 - MetisClass_logger - INFO - execute_time_sleep : wait_time= 1.00
