2023-10-09 14:27:17 - MetisClass_logger - DEBUG - adb_screenshot method : process tmp0
2023-10-09 14:27:17 - MetisClass_logger - INFO - image_recognition method : template_name=menu_non_paid_store  prob=0.9892 accuracy_val=0.9000 True
2023-10-09 14:27:18 - MetisClass_logger - INFO - tap method : (x,y) = (151, 1550) offset = (0, 0)
2023-10-09 14:27:18 - MetisClass_logger - INFO - default_tap method : template_name=menu_non_paid_store  prob=0.9892 True
2023-10-09 14:27:20 - MetisClass_logger - DEBUG - adb_screenshot method : process tmp0
2023-10-09 14:27:21 - MetisClass_logger - INFO - image_recognition method : template_name=nps_com_store_free  prob=0.8942 accuracy_val=0.9000 False
2023-10-09 14:27:23 - MetisClass_logger - DEBUG - adb_screenshot method : process tmp0
2023-10-09 14:27:24 - MetisClass_logger - INFO - image_recognition method : template_name=nps_com_store_free  prob=0.8954 accuracy_val=0.9000 False
2023-10-09 14:27:26 - MetisClass_logger - DEBUG - adb_screenshot method : process tmp0
2023-10-09 14:27:27 - MetisClass_logger - INFO - image_recognition method : template_name=nps_com_store_free  prob=0.8944 accuracy_val=0.9000 False
2023-10-09 14:27:27 - MetisClass_logger - INFO - default_tap method : template_name=nps_com_store_free  prob=0.8944 False
2023-10-09 14:27:29 - MetisClass_logger - DEBUG - adb_screenshot method : process tmp0
2023-10-09 14:27:30 - MetisClass_logger - INFO - image_recognition method : template_name=nps_refresh_icon  prob=0.9994 accuracy_val=0.9000 True
2023-10-09 14:27:30 - MetisClass_logger - INFO - tap method : (x,y) = (731, 1028) offset = (0, 0)
2023-10-09 14:27:30 - MetisClass_logger - INFO - default_tap method : template_name=nps_refresh_icon  prob=0.9994 True
2023-10-09 14:27:32 - MetisClass_logger - DEBUG - adb_screenshot method : process tmp0
2023-10-09 14:27:33 - MetisClass_logger - INFO - image_recognition method : template_name=confirm_circle_tick_btn  prob=1.0000 accuracy_val=0.9000 True
2023-10-09 14:27:33 - MetisClass_logger - INFO - tap method : (x,y) = (862, 1419) offset = (0, 0)
2023-10-09 14:27:33 - MetisClass_logger - INFO - default_tap method : template_name=confirm_circle_tick_btn  prob=1.0000 True
2023-10-09 14:27:36 - MetisClass_logger - DEBUG - adb_screenshot method : process tmp0
2023-10-09 14:27:36 - MetisClass_logger - INFO - image_recognition method : template_name=nps_com_store_free  prob=0.9976 accuracy_val=0.9000 True
2023-10-09 14:27:37 - MetisClass_logger - INFO - tap method : (x,y) = (495, 1489) offset = (0, 0)
2023-10-09 14:27:37 - MetisClass_logger - INFO - default_tap method : template_name=nps_com_store_free  prob=0.9976 True
2023-10-09 14:27:40 - MetisClass_logger - DEBUG - adb_screenshot method : process tmp0
2023-10-09 14:27:40 - MetisClass_logger - INFO - image_recognition method : template_name=nps_com_store_buy  prob=0.9982 accuracy_val=0.9000 True
2023-10-09 14:27:41 - MetisClass_logger - INFO - tap method : (x,y) = (913, 1916) offset = (0, 0)
2023-10-09 14:27:41 - MetisClass_logger - INFO - default_tap method : template_name=nps_com_store_buy  prob=0.9982 True
2023-10-09 14:27:43 - MetisClass_logger - DEBUG - adb_screenshot method : process tmp0
2023-10-09 14:27:43 - MetisClass_logger - INFO - image_recognition method : template_name=reward_text  prob=0.9969 accuracy_val=0.9000 True
2023-10-09 14:27:44 - MetisClass_logger - INFO - tap method : (x,y) = (742, 905) offset = (0, 0)
2023-10-09 14:27:44 - MetisClass_logger - INFO - default_tap method : template_name=reward_text  prob=0.9969 True
