2023-10-09 14:20:24 - MetisClass_logger - DEBUG - adb_screenshot method : process tmp0
2023-10-09 14:20:24 - MetisClass_logger - INFO - image_recognition method : template_name=menu_non_paid_store  prob=0.9928 accuracy_val=0.9000 True
2023-10-09 14:20:25 - MetisClass_logger - INFO - tap method : (x,y) = (151, 1550) offset = (0, 0)
2023-10-09 14:20:25 - MetisClass_logger - INFO - default_tap method : template_name=menu_non_paid_store  prob=0.9928 True
2023-10-09 14:20:27 - MetisClass_logger - DEBUG - adb_screenshot method : process tmp0
2023-10-09 14:20:28 - MetisClass_logger - INFO - image_recognition method : template_name=nps_com_store_free  prob=0.8949 accuracy_val=0.9000 False
2023-10-09 14:20:30 - MetisClass_logger - DEBUG - adb_screenshot method : process tmp0
2023-10-09 14:20:31 - MetisClass_logger - INFO - image_recognition method : template_name=nps_com_store_free  prob=0.8953 accuracy_val=0.9000 False
2023-10-09 14:20:33 - MetisClass_logger - DEBUG - adb_screenshot method : process tmp0
2023-10-09 14:20:34 - MetisClass_logger - INFO - image_recognition method : template_name=nps_com_store_free  prob=0.8946 accuracy_val=0.9000 False
2023-10-09 14:20:34 - MetisClass_logger - INFO - default_tap method : template_name=nps_com_store_free  prob=0.8946 False
2023-10-09 14:20:36 - MetisClass_logger - DEBUG - adb_screenshot method : process tmp0
2023-10-09 14:20:37 - MetisClass_logger - INFO - image_recognition method : template_name=nps_refresh_icon  prob=0.9994 accuracy_val=0.9000 True
2023-10-09 14:20:37 - MetisClass_logger - INFO - tap method : (x,y) = (731, 1028) offset = (0, 0)
2023-10-09 14:20:37 - MetisClass_logger - INFO - default_tap method : template_name=nps_refresh_icon  prob=0.9994 True
2023-10-09 14:20:40 - MetisClass_logger - DEBUG - adb_screenshot method : process tmp0
2023-10-09 14:20:40 - MetisClass_logger - INFO - image_recognition method : template_name=confirm_tick_btn  prob=0.5440 accuracy_val=0.9000 False
2023-10-09 14:20:42 - MetisClass_logger - DEBUG - adb_screenshot method : process tmp0
2023-10-09 14:20:42 - MetisClass_logger - INFO - image_recognition method : template_name=confirm_tick_btn  prob=0.5440 accuracy_val=0.9000 False
2023-10-09 14:20:44 - MetisClass_logger - DEBUG - adb_screenshot method : process tmp0
2023-10-09 14:20:44 - MetisClass_logger - INFO - image_recognition method : template_name=confirm_tick_btn  prob=0.5440 accuracy_val=0.9000 False
2023-10-09 14:20:44 - MetisClass_logger - INFO - default_tap method : template_name=confirm_tick_btn  prob=0.5440 False
2023-10-09 14:20:46 - MetisClass_logger - DEBUG - adb_screenshot method : process tmp0
2023-10-09 14:20:46 - MetisClass_logger - INFO - image_recognition method : template_name=nps_com_store_free  prob=0.8717 accuracy_val=0.9000 False
2023-10-09 14:20:49 - MetisClass_logger - DEBUG - adb_screenshot method : process tmp0
2023-10-09 14:20:49 - MetisClass_logger - INFO - image_recognition method : template_name=nps_com_store_free  prob=0.8722 accuracy_val=0.9000 False
2023-10-09 14:20:51 - MetisClass_logger - DEBUG - adb_screenshot method : process tmp0
2023-10-09 14:20:51 - MetisClass_logger - INFO - image_recognition method : template_name=nps_com_store_free  prob=0.8714 accuracy_val=0.9000 False
2023-10-09 14:20:51 - MetisClass_logger - INFO - default_tap method : template_name=nps_com_store_free  prob=0.8714 False
