2023-10-09 13:28:02 - MetisClass_logger - INFO - execute_time_sleep : wait_time= 20.00
2023-10-09 13:28:25 - MetisClass_logger - DEBUG - adb_screenshot method : process tmp0
2023-10-09 13:28:25 - MetisClass_logger - INFO - image_recognition method : template_name=confirm_tick_btn  prob=0.4195 accuracy_val=0.9000 False
2023-10-09 13:28:27 - MetisClass_logger - DEBUG - adb_screenshot method : process tmp0
2023-10-09 13:28:27 - MetisClass_logger - INFO - image_recognition method : template_name=confirm_tick_btn  prob=0.4258 accuracy_val=0.9000 False
2023-10-09 13:28:30 - MetisClass_logger - DEBUG - adb_screenshot method : process tmp0
2023-10-09 13:28:30 - MetisClass_logger - INFO - image_recognition method : template_name=confirm_tick_btn  prob=0.4234 accuracy_val=0.9000 False
2023-10-09 13:28:30 - MetisClass_logger - INFO - default_tap method : template_name=confirm_tick_btn  prob=0.4234 False
2023-10-09 13:28:30 - MetisClass_logger - INFO - execute_time_sleep : wait_time= 30.00
2023-10-09 13:29:03 - MetisClass_logger - DEBUG - adb_screenshot method : process tmp0
2023-10-09 13:29:03 - MetisClass_logger - INFO - image_recognition method : template_name=ready_for_login  prob=0.9806 accuracy_val=0.9000 True
2023-10-09 13:29:04 - MetisClass_logger - INFO - tap method : (x,y) = (742, 1874) offset = (0, 0)
2023-10-09 13:29:04 - MetisClass_logger - INFO - default_tap method : template_name=ready_for_login  prob=0.9806 True
2023-10-09 13:29:04 - MetisClass_logger - INFO - execute_time_sleep : wait_time= 15.00
2023-10-09 13:29:21 - MetisClass_logger - DEBUG - adb_screenshot method : process tmp0
2023-10-09 13:29:22 - MetisClass_logger - INFO - image_recognition method : template_name=menu_check_flag  prob=0.3099 accuracy_val=0.9000 False
2023-10-09 13:29:24 - MetisClass_logger - DEBUG - adb_screenshot method : process tmp0
2023-10-09 13:29:24 - MetisClass_logger - INFO - image_recognition method : template_name=menu_check_flag  prob=0.3099 accuracy_val=0.9000 False
2023-10-09 13:29:27 - MetisClass_logger - DEBUG - adb_screenshot method : process tmp0
2023-10-09 13:29:27 - MetisClass_logger - INFO - image_recognition method : template_name=menu_check_flag  prob=0.3099 accuracy_val=0.9000 False
2023-10-09 13:29:27 - MetisClass_logger - INFO - default_tap method : template_name=menu_check_flag  prob=0.3099 False
2023-10-09 13:29:30 - MetisClass_logger - DEBUG - adb_screenshot method : process tmp0
2023-10-09 13:29:30 - MetisClass_logger - INFO - image_recognition method : template_name=reward  prob=0.3520 accuracy_val=0.9000 False
2023-10-09 13:29:33 - MetisClass_logger - DEBUG - adb_screenshot method : process tmp0
2023-10-09 13:29:33 - MetisClass_logger - INFO - image_recognition method : template_name=reward  prob=0.3520 accuracy_val=0.9000 False
2023-10-09 13:29:36 - MetisClass_logger - DEBUG - adb_screenshot method : process tmp0
2023-10-09 13:29:36 - MetisClass_logger - INFO - image_recognition method : template_name=reward  prob=0.3520 accuracy_val=0.9000 False
2023-10-09 13:29:36 - MetisClass_logger - INFO - default_tap method : template_name=reward  prob=0.3520 False
2023-10-09 13:29:38 - MetisClass_logger - DEBUG - adb_screenshot method : process tmp0
2023-10-09 13:29:39 - MetisClass_logger - INFO - image_recognition method : template_name=reward  prob=0.3520 accuracy_val=0.9000 False
2023-10-09 13:29:41 - MetisClass_logger - DEBUG - adb_screenshot method : process tmp0
2023-10-09 13:29:42 - MetisClass_logger - INFO - image_recognition method : template_name=reward  prob=0.3520 accuracy_val=0.9000 False
2023-10-09 13:29:44 - MetisClass_logger - DEBUG - adb_screenshot method : process tmp0
2023-10-09 13:29:44 - MetisClass_logger - INFO - image_recognition method : template_name=reward  prob=0.3520 accuracy_val=0.9000 False
2023-10-09 13:29:44 - MetisClass_logger - INFO - default_tap method : template_name=reward  prob=0.3520 False
2023-10-09 13:29:47 - MetisClass_logger - DEBUG - adb_screenshot method : process tmp0
2023-10-09 13:29:47 - MetisClass_logger - INFO - image_recognition method : template_name=close_blue_icon  prob=1.0000 accuracy_val=0.9000 True
2023-10-09 13:29:48 - MetisClass_logger - INFO - tap method : (x,y) = (1261, 229) offset = (0, 0)
2023-10-09 13:29:48 - MetisClass_logger - INFO - default_tap method : template_name=close_blue_icon  prob=1.0000 True
2023-10-09 13:29:51 - MetisClass_logger - DEBUG - adb_screenshot method : process tmp0
