2023-10-09 15:48:52 - MetisClass_logger - DEBUG - adb_screenshot method : process tmp0
2023-10-09 15:48:52 - MetisClass_logger - INFO - image_recognition method : template_name=menu_draw_icon  prob=0.9514 accuracy_val=0.9000 True
2023-10-09 15:48:53 - MetisClass_logger - INFO - tap method : (x,y) = (1196, 2097) offset = (0, 0)
2023-10-09 15:48:53 - MetisClass_logger - INFO - default_tap method : template_name=menu_draw_icon  prob=0.9514 True
2023-10-09 15:48:56 - MetisClass_logger - DEBUG - adb_screenshot method : process tmp0
2023-10-09 15:48:56 - MetisClass_logger - INFO - image_recognition method : template_name=draw_friend_icon  prob=0.7395 accuracy_val=0.9000 False
2023-10-09 15:48:56 - MetisClass_logger - INFO - default_tap method : template_name=draw_friend_icon  prob=0.7395 False
2023-10-09 15:48:59 - MetisClass_logger - DEBUG - adb_screenshot method : process tmp0
2023-10-09 15:48:59 - MetisClass_logger - INFO - image_recognition method : template_name=draw_right_icon  prob=0.9702 accuracy_val=0.9000 True
2023-10-09 15:49:00 - MetisClass_logger - INFO - tap method : (x,y) = (1425, 1183) offset = (0, 0)
2023-10-09 15:49:00 - MetisClass_logger - INFO - default_tap method : template_name=draw_right_icon  prob=0.9702 True
2023-10-09 15:49:03 - MetisClass_logger - DEBUG - adb_screenshot method : process tmp0
2023-10-09 15:49:03 - MetisClass_logger - INFO - image_recognition method : template_name=draw_friend_icon  prob=0.7046 accuracy_val=0.9000 False
2023-10-09 15:49:03 - MetisClass_logger - INFO - default_tap method : template_name=draw_friend_icon  prob=0.7046 False
2023-10-09 15:49:06 - MetisClass_logger - DEBUG - adb_screenshot method : process tmp0
2023-10-09 15:49:06 - MetisClass_logger - INFO - image_recognition method : template_name=draw_right_icon  prob=0.9936 accuracy_val=0.9000 True
2023-10-09 15:49:07 - MetisClass_logger - INFO - tap method : (x,y) = (1425, 1183) offset = (0, 0)
2023-10-09 15:49:07 - MetisClass_logger - INFO - default_tap method : template_name=draw_right_icon  prob=0.9936 True
2023-10-09 15:49:10 - MetisClass_logger - DEBUG - adb_screenshot method : process tmp0
2023-10-09 15:49:10 - MetisClass_logger - INFO - image_recognition method : template_name=draw_friend_icon  prob=0.9990 accuracy_val=0.9000 True
2023-10-09 15:49:11 - MetisClass_logger - INFO - tap method : (x,y) = (588, 1860) offset = (0, 0)
2023-10-09 15:49:11 - MetisClass_logger - INFO - default_tap method : template_name=draw_friend_icon  prob=0.9990 True
2023-10-09 15:49:11 - MetisClass_logger - INFO - execute_time_sleep : wait_time= 10.00
2023-10-09 15:49:24 - MetisClass_logger - DEBUG - adb_screenshot method : process tmp0
2023-10-09 15:49:24 - MetisClass_logger - INFO - image_recognition method : template_name=draw_confirm  prob=0.4708 accuracy_val=0.9000 False
2023-10-09 15:49:27 - MetisClass_logger - DEBUG - adb_screenshot method : process tmp0
2023-10-09 15:49:27 - MetisClass_logger - INFO - image_recognition method : template_name=draw_confirm  prob=0.4705 accuracy_val=0.9000 False
2023-10-09 15:49:30 - MetisClass_logger - DEBUG - adb_screenshot method : process tmp0
2023-10-09 15:49:30 - MetisClass_logger - INFO - image_recognition method : template_name=draw_confirm  prob=0.4702 accuracy_val=0.9000 False
2023-10-09 15:49:30 - MetisClass_logger - INFO - default_tap method : template_name=draw_confirm  prob=0.4702 False
2023-10-09 15:49:33 - MetisClass_logger - DEBUG - adb_screenshot method : process tmp0
2023-10-09 15:49:33 - MetisClass_logger - INFO - image_recognition method : template_name=menu_main  prob=0.4854 accuracy_val=0.9000 False
2023-10-09 15:49:36 - MetisClass_logger - DEBUG - adb_screenshot method : process tmp0
2023-10-09 15:49:36 - MetisClass_logger - INFO - image_recognition method : template_name=menu_main  prob=0.4850 accuracy_val=0.9000 False
2023-10-09 15:49:39 - MetisClass_logger - DEBUG - adb_screenshot method : process tmp0
2023-10-09 15:49:39 - MetisClass_logger - INFO - image_recognition method : template_name=menu_main  prob=0.9973 accuracy_val=0.9000 True
2023-10-09 15:49:40 - MetisClass_logger - INFO - tap method : (x,y) = (747, 2091) offset = (0, 0)
2023-10-09 15:49:40 - MetisClass_logger - INFO - default_tap method : template_name=menu_main  prob=0.9973 True
